<?xml version="1.0" encoding="UTF-8"?>
<!-- Generated by org.testng.reporters.JUnitXMLReporter -->
<testsuite ignored="1" hostname="Ashishs-MacBook-Air.local" failures="0" tests="2" name="Default test" time="7.375" errors="0" timestamp="2025-05-12T20:40:19 IST">
  <testcase classname="com.demo.advantageShopping.AppTest" name="openHomePage" time="1.33"/>
  <testcase classname="com.demo.advantageShopping.AppTest" name="validateCategoryPage" time="2.934"/>
  <testcase classname="com.demo.advantageShopping.AppTest" name="validateLoginPopup" time="0.0">
    <ignored/>
  </testcase> <!-- validateLoginPopup -->
</testsuite> <!-- Default test -->
